2026.01.17 17:43 B F:\Jazz\Jubilee\Icons\icon_info_invert.png --> www.jazzliveaarau.ch /www/Jubilee/Icons icon_info_invert.png
2026.01.17 17:43 B F:\Jazz\Jubilee\Icons\jazz_live_aarau_logo.png --> www.jazzliveaarau.ch /www/Jubilee/Icons jazz_live_aarau_logo.png
2026.01.17 17:43 B F:\Jazz\Jubilee\Icons\JazzNote.png --> www.jazzliveaarau.ch /www/Jubilee/Icons JazzNote.png
2026.01.24 09:37 B G:\WebAppsVoc\Jubilee\Icons\icon_next.jpg --> www.jazzliveaarau.ch /www/Jubilee/Icons icon_next.jpg
2026.02.09 10:43 B G:\WebAppsVoc\Jubilee\Icons\icon_add.png --> www.jazzliveaarau.ch /www/Jubilee/Icons icon_add.png
2026.02.09 10:43 B G:\WebAppsVoc\Jubilee\Icons\icon_increase_image.png --> www.jazzliveaarau.ch /www/Jubilee/Icons icon_increase_image.png
2026.02.09 10:43 B G:\WebAppsVoc\Jubilee\Icons\icon_increase_text.png --> www.jazzliveaarau.ch /www/Jubilee/Icons icon_increase_text.png
2026.02.09 10:43 B G:\WebAppsVoc\Jubilee\Icons\icon_info_invert.png --> www.jazzliveaarau.ch /www/Jubilee/Icons icon_info_invert.png
2026.02.09 10:43 B G:\WebAppsVoc\Jubilee\Icons\icon_restart.png --> www.jazzliveaarau.ch /www/Jubilee/Icons icon_restart.png
2026.02.09 10:43 B G:\WebAppsVoc\Jubilee\Icons\icon_slideshow_back.png --> www.jazzliveaarau.ch /www/Jubilee/Icons icon_slideshow_back.png
2026.02.09 10:43 B G:\WebAppsVoc\Jubilee\Icons\icon_slideshow_exit.png --> www.jazzliveaarau.ch /www/Jubilee/Icons icon_slideshow_exit.png
2026.02.09 10:43 B G:\WebAppsVoc\Jubilee\Icons\icon_slideshow_forward.png --> www.jazzliveaarau.ch /www/Jubilee/Icons icon_slideshow_forward.png
2026.02.09 10:43 B G:\WebAppsVoc\Jubilee\Icons\icon_slideshow_full_screen.png --> www.jazzliveaarau.ch /www/Jubilee/Icons icon_slideshow_full_screen.png
2026.02.09 10:43 B G:\WebAppsVoc\Jubilee\Icons\icon_slideshow_increase_screen.png --> www.jazzliveaarau.ch /www/Jubilee/Icons icon_slideshow_increase_screen.png
2026.02.09 10:43 B G:\WebAppsVoc\Jubilee\Icons\icon_slideshow_minus.png --> www.jazzliveaarau.ch /www/Jubilee/Icons icon_slideshow_minus.png
2026.02.09 10:43 B G:\WebAppsVoc\Jubilee\Icons\icon_slideshow_music.png --> www.jazzliveaarau.ch /www/Jubilee/Icons icon_slideshow_music.png
2026.02.09 10:43 B G:\WebAppsVoc\Jubilee\Icons\icon_slideshow_plus.png --> www.jazzliveaarau.ch /www/Jubilee/Icons icon_slideshow_plus.png
2026.02.09 10:43 B G:\WebAppsVoc\Jubilee\Icons\icon_slideshow_start.png --> www.jazzliveaarau.ch /www/Jubilee/Icons icon_slideshow_start.png
2026.02.09 10:43 B G:\WebAppsVoc\Jubilee\Icons\icon_slideshow_stop.png --> www.jazzliveaarau.ch /www/Jubilee/Icons icon_slideshow_stop.png
2026.02.09 10:43 B G:\WebAppsVoc\Jubilee\Icons\jazz_live_aarau_logo.png --> www.jazzliveaarau.ch /www/Jubilee/Icons jazz_live_aarau_logo.png
2026.02.09 10:43 B G:\WebAppsVoc\Jubilee\Icons\JazzNote.png --> www.jazzliveaarau.ch /www/Jubilee/Icons JazzNote.png
