2026.01.17 17:43 B F:\Jazz\Jubilee\Scripts\Jubilee.js --> www.jazzliveaarau.ch /www/Jubilee/Scripts Jubilee.js
2026.01.17 17:43 B F:\Jazz\Jubilee\Scripts\JubileeImage.js --> www.jazzliveaarau.ch /www/Jubilee/Scripts JubileeImage.js
2026.01.17 17:43 B F:\Jazz\Jubilee\Scripts\JubileeRandom.js --> www.jazzliveaarau.ch /www/Jubilee/Scripts JubileeRandom.js
2026.01.17 17:56 B F:\Jazz\Jubilee\Scripts\JubileeImage.js --> www.jazzliveaarau.ch /www/Jubilee/Scripts JubileeImage.js
2026.01.17 18:29 B F:\Jazz\Jubilee\Scripts\JubileeImage.js --> www.jazzliveaarau.ch /www/Jubilee/Scripts JubileeImage.js
2026.01.17 18:41 B F:\Jazz\Jubilee\Scripts\JubileeImage.js --> www.jazzliveaarau.ch /www/Jubilee/Scripts JubileeImage.js
2026.01.17 18:54 B F:\Jazz\Jubilee\Scripts\JubileeImage.js --> www.jazzliveaarau.ch /www/Jubilee/Scripts JubileeImage.js
2026.01.17 18:57 B F:\Jazz\Jubilee\Scripts\JubileeImage.js --> www.jazzliveaarau.ch /www/Jubilee/Scripts JubileeImage.js
2026.01.17 18:58 B F:\Jazz\Jubilee\Scripts\JubileeImage.js --> www.jazzliveaarau.ch /www/Jubilee/Scripts JubileeImage.js
2026.01.18 10:54 B F:\Jazz\Jubilee\Scripts\JubileeImage.js --> www.jazzliveaarau.ch /www/Jubilee/Scripts JubileeImage.js
2026.01.18 11:12 B F:\Jazz\Jubilee\Scripts\JubileeImage.js --> www.jazzliveaarau.ch /www/Jubilee/Scripts JubileeImage.js
2026.01.18 11:23 B F:\Jazz\Jubilee\Scripts\JubileeImage.js --> www.jazzliveaarau.ch /www/Jubilee/Scripts JubileeImage.js
2026.01.18 11:39 B F:\Jazz\Jubilee\Scripts\JubileeImage.js --> www.jazzliveaarau.ch /www/Jubilee/Scripts JubileeImage.js
2026.01.18 11:42 B F:\Jazz\Jubilee\Scripts\JubileeImage.js --> www.jazzliveaarau.ch /www/Jubilee/Scripts JubileeImage.js
2026.01.18 11:46 B F:\Jazz\Jubilee\Scripts\JubileeImage.js --> www.jazzliveaarau.ch /www/Jubilee/Scripts JubileeImage.js
2026.01.18 11:51 B F:\Jazz\Jubilee\Scripts\JubileeImage.js --> www.jazzliveaarau.ch /www/Jubilee/Scripts JubileeImage.js
2026.01.18 11:57 B F:\Jazz\Jubilee\Scripts\JubileeImage.js --> www.jazzliveaarau.ch /www/Jubilee/Scripts JubileeImage.js
2026.01.18 12:05 B F:\Jazz\Jubilee\Scripts\JubileeImage.js --> www.jazzliveaarau.ch /www/Jubilee/Scripts JubileeImage.js
2026.01.18 12:13 B F:\Jazz\Jubilee\Scripts\JubileeImage.js --> www.jazzliveaarau.ch /www/Jubilee/Scripts JubileeImage.js
2026.01.18 12:18 B F:\Jazz\Jubilee\Scripts\JubileeImage.js --> www.jazzliveaarau.ch /www/Jubilee/Scripts JubileeImage.js
2026.01.18 12:43 B F:\Jazz\Jubilee\Scripts\JubileeImage.js --> www.jazzliveaarau.ch /www/Jubilee/Scripts JubileeImage.js
2026.01.18 12:47 B F:\Jazz\Jubilee\Scripts\JubileeImage.js --> www.jazzliveaarau.ch /www/Jubilee/Scripts JubileeImage.js
2026.01.18 12:51 B F:\Jazz\Jubilee\Scripts\JubileeImage.js --> www.jazzliveaarau.ch /www/Jubilee/Scripts JubileeImage.js
2026.01.18 12:55 B F:\Jazz\Jubilee\Scripts\JubileeImage.js --> www.jazzliveaarau.ch /www/Jubilee/Scripts JubileeImage.js
2026.01.18 13:36 B F:\Jazz\Jubilee\Scripts\JubileeImage.js --> www.jazzliveaarau.ch /www/Jubilee/Scripts JubileeImage.js
2026.01.18 13:41 B F:\Jazz\Jubilee\Scripts\JubileeImage.js --> www.jazzliveaarau.ch /www/Jubilee/Scripts JubileeImage.js
2026.01.18 13:44 B F:\Jazz\Jubilee\Scripts\JubileeImage.js --> www.jazzliveaarau.ch /www/Jubilee/Scripts JubileeImage.js
2026.01.18 13:46 B F:\Jazz\Jubilee\Scripts\JubileeImage.js --> www.jazzliveaarau.ch /www/Jubilee/Scripts JubileeImage.js
2026.01.18 17:31 B F:\Jazz\Jubilee\Scripts\JubileeImage.js --> www.jazzliveaarau.ch /www/Jubilee/Scripts JubileeImage.js
2026.01.18 17:47 B F:\Jazz\Jubilee\Scripts\JubileeImage.js --> www.jazzliveaarau.ch /www/Jubilee/Scripts JubileeImage.js
2026.01.18 17:50 B F:\Jazz\Jubilee\Scripts\JubileeImage.js --> www.jazzliveaarau.ch /www/Jubilee/Scripts JubileeImage.js
2026.01.18 18:38 B F:\Jazz\Jubilee\Scripts\JubileeImage.js --> www.jazzliveaarau.ch /www/Jubilee/Scripts JubileeImage.js
2026.01.18 18:39 B F:\Jazz\Jubilee\Scripts\JubileeImage.js --> www.jazzliveaarau.ch /www/Jubilee/Scripts JubileeImage.js
2026.01.18 18:41 B F:\Jazz\Jubilee\Scripts\JubileeImage.js --> www.jazzliveaarau.ch /www/Jubilee/Scripts JubileeImage.js
2026.01.18 18:45 B F:\Jazz\Jubilee\Scripts\JubileeImage.js --> www.jazzliveaarau.ch /www/Jubilee/Scripts JubileeImage.js
2026.01.18 18:47 B F:\Jazz\Jubilee\Scripts\JubileeImage.js --> www.jazzliveaarau.ch /www/Jubilee/Scripts JubileeImage.js
2026.01.18 18:50 B F:\Jazz\Jubilee\Scripts\JubileeImage.js --> www.jazzliveaarau.ch /www/Jubilee/Scripts JubileeImage.js
2026.01.18 18:51 B F:\Jazz\Jubilee\Scripts\JubileeImage.js --> www.jazzliveaarau.ch /www/Jubilee/Scripts JubileeImage.js
2026.01.18 19:07 B F:\Jazz\Jubilee\Scripts\JubileeImage.js --> www.jazzliveaarau.ch /www/Jubilee/Scripts JubileeImage.js
2026.01.18 19:08 B F:\Jazz\Jubilee\Scripts\JubileeImage.js --> www.jazzliveaarau.ch /www/Jubilee/Scripts JubileeImage.js
2026.01.18 19:09 B F:\Jazz\Jubilee\Scripts\JubileeImage.js --> www.jazzliveaarau.ch /www/Jubilee/Scripts JubileeImage.js
2026.01.18 19:10 B F:\Jazz\Jubilee\Scripts\JubileeImage.js --> www.jazzliveaarau.ch /www/Jubilee/Scripts JubileeImage.js
2026.01.18 19:16 B F:\Jazz\Jubilee\Scripts\JubileeImage.js --> www.jazzliveaarau.ch /www/Jubilee/Scripts JubileeImage.js
2026.01.18 19:17 B F:\Jazz\Jubilee\Scripts\JubileeImage.js --> www.jazzliveaarau.ch /www/Jubilee/Scripts JubileeImage.js
2026.01.18 19:34 B F:\Jazz\Jubilee\Scripts\JubileeImage.js --> www.jazzliveaarau.ch /www/Jubilee/Scripts JubileeImage.js
2026.01.18 19:35 B F:\Jazz\Jubilee\Scripts\JubileeImage.js --> www.jazzliveaarau.ch /www/Jubilee/Scripts JubileeImage.js
2026.01.18 19:38 B F:\Jazz\Jubilee\Scripts\JubileeImage.js --> www.jazzliveaarau.ch /www/Jubilee/Scripts JubileeImage.js
2026.01.19 10:30 B F:\Jazz\Jubilee\Scripts\JubileeImage.js --> www.jazzliveaarau.ch /www/Jubilee/Scripts JubileeImage.js
2026.01.19 10:34 B F:\Jazz\Jubilee\Scripts\JubileeImage.js --> www.jazzliveaarau.ch /www/Jubilee/Scripts JubileeImage.js
2026.01.19 10:35 B F:\Jazz\Jubilee\Scripts\JubileeImage.js --> www.jazzliveaarau.ch /www/Jubilee/Scripts JubileeImage.js
2026.01.19 10:43 B F:\Jazz\Jubilee\Scripts\JubileeImage.js --> www.jazzliveaarau.ch /www/Jubilee/Scripts JubileeImage.js
2026.01.19 10:45 B F:\Jazz\Jubilee\Scripts\JubileeImage.js --> www.jazzliveaarau.ch /www/Jubilee/Scripts JubileeImage.js
2026.01.19 10:47 B F:\Jazz\Jubilee\Scripts\JubileeImage.js --> www.jazzliveaarau.ch /www/Jubilee/Scripts JubileeImage.js
2026.01.19 10:48 B F:\Jazz\Jubilee\Scripts\JubileeImage.js --> www.jazzliveaarau.ch /www/Jubilee/Scripts JubileeImage.js
2026.01.19 10:49 B F:\Jazz\Jubilee\Scripts\JubileeImage.js --> www.jazzliveaarau.ch /www/Jubilee/Scripts JubileeImage.js
2026.01.19 11:07 B F:\Jazz\Jubilee\Scripts\JubileeImage.js --> www.jazzliveaarau.ch /www/Jubilee/Scripts JubileeImage.js
2026.01.19 11:09 B F:\Jazz\Jubilee\Scripts\JubileeImage.js --> www.jazzliveaarau.ch /www/Jubilee/Scripts JubileeImage.js
2026.01.19 11:17 B F:\Jazz\Jubilee\Scripts\JubileeImage.js --> www.jazzliveaarau.ch /www/Jubilee/Scripts JubileeImage.js
2026.01.19 11:29 B F:\Jazz\Jubilee\Scripts\JubileeImage.js --> www.jazzliveaarau.ch /www/Jubilee/Scripts JubileeImage.js
2026.01.19 11:31 B F:\Jazz\Jubilee\Scripts\JubileeImage.js --> www.jazzliveaarau.ch /www/Jubilee/Scripts JubileeImage.js
2026.01.19 12:03 B F:\Jazz\Jubilee\Scripts\JubileeImage.js --> www.jazzliveaarau.ch /www/Jubilee/Scripts JubileeImage.js
2026.01.19 12:05 B F:\Jazz\Jubilee\Scripts\JubileeImage.js --> www.jazzliveaarau.ch /www/Jubilee/Scripts JubileeImage.js
2026.01.19 12:06 B F:\Jazz\Jubilee\Scripts\JubileeImage.js --> www.jazzliveaarau.ch /www/Jubilee/Scripts JubileeImage.js
2026.01.19 12:07 B F:\Jazz\Jubilee\Scripts\JubileeImage.js --> www.jazzliveaarau.ch /www/Jubilee/Scripts JubileeImage.js
2026.01.19 12:10 B F:\Jazz\Jubilee\Scripts\JubileeImage.js --> www.jazzliveaarau.ch /www/Jubilee/Scripts JubileeImage.js
2026.01.19 14:48 B F:\Jazz\Jubilee\Scripts\JubileeImage.js --> www.jazzliveaarau.ch /www/Jubilee/Scripts JubileeImage.js
2026.01.19 14:50 B F:\Jazz\Jubilee\Scripts\JubileeImage.js --> www.jazzliveaarau.ch /www/Jubilee/Scripts JubileeImage.js
2026.01.19 15:38 B F:\Jazz\Jubilee\Scripts\JubileeImage.js --> www.jazzliveaarau.ch /www/Jubilee/Scripts JubileeImage.js
2026.01.19 15:41 B F:\Jazz\Jubilee\Scripts\JubileeImage.js --> www.jazzliveaarau.ch /www/Jubilee/Scripts JubileeImage.js
2026.01.19 15:50 B F:\Jazz\Jubilee\Scripts\JubileeImage.js --> www.jazzliveaarau.ch /www/Jubilee/Scripts JubileeImage.js
2026.01.19 15:51 B F:\Jazz\Jubilee\Scripts\JubileeImage.js --> www.jazzliveaarau.ch /www/Jubilee/Scripts JubileeImage.js
2026.01.19 15:55 B F:\Jazz\Jubilee\Scripts\JubileeImage.js --> www.jazzliveaarau.ch /www/Jubilee/Scripts JubileeImage.js
2026.01.19 16:16 B F:\Jazz\Jubilee\Scripts\JubileeImage.js --> www.jazzliveaarau.ch /www/Jubilee/Scripts JubileeImage.js
2026.01.19 16:18 B F:\Jazz\Jubilee\Scripts\JubileeImage.js --> www.jazzliveaarau.ch /www/Jubilee/Scripts JubileeImage.js
2026.01.19 16:19 B F:\Jazz\Jubilee\Scripts\JubileeImage.js --> www.jazzliveaarau.ch /www/Jubilee/Scripts JubileeImage.js
2026.01.19 16:23 B F:\Jazz\Jubilee\Scripts\JubileeImage.js --> www.jazzliveaarau.ch /www/Jubilee/Scripts JubileeImage.js
2026.01.19 18:54 B F:\Jazz\Jubilee\Scripts\JubileeImage.js --> www.jazzliveaarau.ch /www/Jubilee/Scripts JubileeImage.js
2026.01.19 18:57 B F:\Jazz\Jubilee\Scripts\JubileeImage.js --> www.jazzliveaarau.ch /www/Jubilee/Scripts JubileeImage.js
2026.01.19 19:11 B F:\Jazz\Jubilee\Scripts\JubileeImage.js --> www.jazzliveaarau.ch /www/Jubilee/Scripts JubileeImage.js
2026.01.19 19:13 B F:\Jazz\Jubilee\Scripts\JubileeImage.js --> www.jazzliveaarau.ch /www/Jubilee/Scripts JubileeImage.js
2026.01.24 07:51 B G:\WebAppsVoc\Jubilee\Scripts\Jubilee.js --> www.jazzliveaarau.ch /www/Jubilee/Scripts Jubilee.js
2026.01.24 07:51 B G:\WebAppsVoc\Jubilee\Scripts\JubileeImage.js --> www.jazzliveaarau.ch /www/Jubilee/Scripts JubileeImage.js
2026.01.24 07:51 B G:\WebAppsVoc\Jubilee\Scripts\JubileeImportXml.js --> www.jazzliveaarau.ch /www/Jubilee/Scripts JubileeImportXml.js
2026.01.24 07:51 B G:\WebAppsVoc\Jubilee\Scripts\JubileeRandom.js --> www.jazzliveaarau.ch /www/Jubilee/Scripts JubileeRandom.js
2026.01.24 07:51 B G:\WebAppsVoc\Jubilee\Scripts\JubileeXml.js --> www.jazzliveaarau.ch /www/Jubilee/Scripts JubileeXml.js
2026.01.24 08:46 B G:\WebAppsVoc\Jubilee\Scripts\Jubilee.js --> www.jazzliveaarau.ch /www/Jubilee/Scripts Jubilee.js
2026.01.24 08:47 B G:\WebAppsVoc\Jubilee\Scripts\Jubilee.js --> www.jazzliveaarau.ch /www/Jubilee/Scripts Jubilee.js
2026.01.24 09:40 B G:\WebAppsVoc\Jubilee\Scripts\JubileeImage.js --> www.jazzliveaarau.ch /www/Jubilee/Scripts JubileeImage.js
2026.01.24 09:42 B G:\WebAppsVoc\Jubilee\Scripts\JubileeImage.js --> www.jazzliveaarau.ch /www/Jubilee/Scripts JubileeImage.js
2026.01.24 09:44 B G:\WebAppsVoc\Jubilee\Scripts\JubileeImage.js --> www.jazzliveaarau.ch /www/Jubilee/Scripts JubileeImage.js
2026.01.24 09:52 B G:\WebAppsVoc\Jubilee\Scripts\JubileeImage.js --> www.jazzliveaarau.ch /www/Jubilee/Scripts JubileeImage.js
2026.01.24 09:56 B G:\WebAppsVoc\Jubilee\Scripts\JubileeImage.js --> www.jazzliveaarau.ch /www/Jubilee/Scripts JubileeImage.js
2026.01.24 10:11 B G:\WebAppsVoc\Jubilee\Scripts\JubileeImage.js --> www.jazzliveaarau.ch /www/Jubilee/Scripts JubileeImage.js
2026.01.24 10:13 B G:\WebAppsVoc\Jubilee\Scripts\JubileeImage.js --> www.jazzliveaarau.ch /www/Jubilee/Scripts JubileeImage.js
2026.01.24 10:14 B G:\WebAppsVoc\Jubilee\Scripts\JubileeImage.js --> www.jazzliveaarau.ch /www/Jubilee/Scripts JubileeImage.js
2026.01.24 10:22 B G:\WebAppsVoc\Jubilee\Scripts\JubileeImage.js --> www.jazzliveaarau.ch /www/Jubilee/Scripts JubileeImage.js
2026.01.24 10:27 B G:\WebAppsVoc\Jubilee\Scripts\JubileeImage.js --> www.jazzliveaarau.ch /www/Jubilee/Scripts JubileeImage.js
2026.01.24 10:30 B G:\WebAppsVoc\Jubilee\Scripts\JubileeImage.js --> www.jazzliveaarau.ch /www/Jubilee/Scripts JubileeImage.js
2026.01.24 10:36 B G:\WebAppsVoc\Jubilee\Scripts\JubileeImage.js --> www.jazzliveaarau.ch /www/Jubilee/Scripts JubileeImage.js
2026.01.24 10:38 B G:\WebAppsVoc\Jubilee\Scripts\JubileeImage.js --> www.jazzliveaarau.ch /www/Jubilee/Scripts JubileeImage.js
2026.01.24 10:43 B G:\WebAppsVoc\Jubilee\Scripts\JubileeImage.js --> www.jazzliveaarau.ch /www/Jubilee/Scripts JubileeImage.js
2026.01.24 10:53 B G:\WebAppsVoc\Jubilee\Scripts\JubileeImage.js --> www.jazzliveaarau.ch /www/Jubilee/Scripts JubileeImage.js
2026.01.24 11:09 B G:\WebAppsVoc\Jubilee\Scripts\JubileeImage.js --> www.jazzliveaarau.ch /www/Jubilee/Scripts JubileeImage.js
2026.01.24 11:10 B G:\WebAppsVoc\Jubilee\Scripts\JubileeImage.js --> www.jazzliveaarau.ch /www/Jubilee/Scripts JubileeImage.js
2026.01.24 11:17 B G:\WebAppsVoc\Jubilee\Scripts\JubileeImage.js --> www.jazzliveaarau.ch /www/Jubilee/Scripts JubileeImage.js
2026.01.24 11:17 B G:\WebAppsVoc\Jubilee\Scripts\Jubilee.js --> www.jazzliveaarau.ch /www/Jubilee/Scripts Jubilee.js
2026.01.24 11:21 B G:\WebAppsVoc\Jubilee\Scripts\JubileeImage.js --> www.jazzliveaarau.ch /www/Jubilee/Scripts JubileeImage.js
2026.01.24 11:26 B G:\WebAppsVoc\Jubilee\Scripts\JubileeImage.js --> www.jazzliveaarau.ch /www/Jubilee/Scripts JubileeImage.js
2026.01.24 11:27 B G:\WebAppsVoc\Jubilee\Scripts\JubileeImage.js --> www.jazzliveaarau.ch /www/Jubilee/Scripts JubileeImage.js
2026.01.24 11:30 B G:\WebAppsVoc\Jubilee\Scripts\JubileeImage.js --> www.jazzliveaarau.ch /www/Jubilee/Scripts JubileeImage.js
2026.01.24 11:32 B G:\WebAppsVoc\Jubilee\Scripts\JubileeImage.js --> www.jazzliveaarau.ch /www/Jubilee/Scripts JubileeImage.js
